2019/08/28 22:24:51 [error] [php] count(): Parameter must be an array or an object that implements Countable (C:\xampp\htdocs\framework\gii\generators\model\ModelCode.php:371)
Stack trace:
#0 C:\xampp\htdocs\framework\gii\CCodeGenerator.php(162): ModelCode->prepare()
#1 C:\xampp\htdocs\framework\gii\CCodeGenerator.php(63): ModelGenerator->prepare()
#2 C:\xampp\htdocs\framework\web\actions\CInlineAction.php(49): ModelGenerator->actionIndex()
#3 C:\xampp\htdocs\framework\web\CController.php(308): CInlineAction->runWithParams()
#4 C:\xampp\htdocs\framework\web\CController.php(286): ModelGenerator->runAction()
#5 C:\xampp\htdocs\framework\web\CController.php(265): ModelGenerator->runActionWithFilters()
#6 C:\xampp\htdocs\framework\web\CWebApplication.php(282): ModelGenerator->run()
#7 C:\xampp\htdocs\framework\web\CWebApplication.php(141): CWebApplication->runController()
#8 C:\xampp\htdocs\framework\base\CApplication.php(180): CWebApplication->processRequest()
#9 C:\xampp\htdocs\administrador\index.php(13): CWebApplication->run()
REQUEST_URI=/administrador/index.php/gii/model/index
in C:\xampp\htdocs\administrador\index.php (13)
2019/08/28 22:28:16 [error] [php] count(): Parameter must be an array or an object that implements Countable (C:\xampp\htdocs\framework\gii\generators\model\ModelCode.php:371)
Stack trace:
#0 C:\xampp\htdocs\framework\gii\CCodeGenerator.php(162): ModelCode->prepare()
#1 C:\xampp\htdocs\framework\gii\CCodeGenerator.php(63): ModelGenerator->prepare()
#2 C:\xampp\htdocs\framework\web\actions\CInlineAction.php(49): ModelGenerator->actionIndex()
#3 C:\xampp\htdocs\framework\web\CController.php(308): CInlineAction->runWithParams()
#4 C:\xampp\htdocs\framework\web\CController.php(286): ModelGenerator->runAction()
#5 C:\xampp\htdocs\framework\web\CController.php(265): ModelGenerator->runActionWithFilters()
#6 C:\xampp\htdocs\framework\web\CWebApplication.php(282): ModelGenerator->run()
#7 C:\xampp\htdocs\framework\web\CWebApplication.php(141): CWebApplication->runController()
#8 C:\xampp\htdocs\framework\base\CApplication.php(180): CWebApplication->processRequest()
#9 C:\xampp\htdocs\administrador\index.php(13): CWebApplication->run()
REQUEST_URI=/administrador/index.php/gii/model/index
in C:\xampp\htdocs\administrador\index.php (13)
2019/08/28 22:29:49 [error] [php] count(): Parameter must be an array or an object that implements Countable (C:\xampp\htdocs\framework\gii\generators\model\ModelCode.php:371)
Stack trace:
#0 C:\xampp\htdocs\framework\gii\CCodeGenerator.php(162): ModelCode->prepare()
#1 C:\xampp\htdocs\framework\gii\CCodeGenerator.php(63): ModelGenerator->prepare()
#2 C:\xampp\htdocs\framework\web\actions\CInlineAction.php(49): ModelGenerator->actionIndex()
#3 C:\xampp\htdocs\framework\web\CController.php(308): CInlineAction->runWithParams()
#4 C:\xampp\htdocs\framework\web\CController.php(286): ModelGenerator->runAction()
#5 C:\xampp\htdocs\framework\web\CController.php(265): ModelGenerator->runActionWithFilters()
#6 C:\xampp\htdocs\framework\web\CWebApplication.php(282): ModelGenerator->run()
#7 C:\xampp\htdocs\framework\web\CWebApplication.php(141): CWebApplication->runController()
#8 C:\xampp\htdocs\framework\base\CApplication.php(180): CWebApplication->processRequest()
#9 C:\xampp\htdocs\administrador\index.php(13): CWebApplication->run()
REQUEST_URI=/administrador/index.php/gii/model/index
in C:\xampp\htdocs\administrador\index.php (13)
2019/10/02 19:02:12 [error] [exception.CHttpException.404] CHttpException: The system is unable to find the requested action "admin". in C:\xampp\htdocs\framework\web\CController.php:483
Stack trace:
#0 C:\xampp\htdocs\framework\web\CController.php(270): CController->missingAction('admin')
#1 C:\xampp\htdocs\framework\web\CWebApplication.php(282): CController->run('admin')
#2 C:\xampp\htdocs\framework\web\CWebApplication.php(141): CWebApplication->runController('site/admin')
#3 C:\xampp\htdocs\framework\base\CApplication.php(180): CWebApplication->processRequest()
#4 C:\xampp\htdocs\elearning\index.php(13): CApplication->run()
#5 {main}
REQUEST_URI=/elearning/index.php/site/admin
HTTP_REFERER=http://localhost/elearning/index.php/site/index
---
2019/10/02 19:17:19 [error] [exception.CHttpException.404] CHttpException: The system is unable to find the requested action "admin". in C:\xampp\htdocs\framework\web\CController.php:483
Stack trace:
#0 C:\xampp\htdocs\framework\web\CController.php(270): CController->missingAction('admin')
#1 C:\xampp\htdocs\framework\web\CWebApplication.php(282): CController->run('admin')
#2 C:\xampp\htdocs\framework\web\CWebApplication.php(141): CWebApplication->runController('site/admin')
#3 C:\xampp\htdocs\framework\base\CApplication.php(180): CWebApplication->processRequest()
#4 C:\xampp\htdocs\elearning\index.php(13): CApplication->run()
#5 {main}
REQUEST_URI=/elearning/index.php/site/admin
HTTP_REFERER=http://localhost/elearning/index.php/site/index
---
2019/10/02 19:39:02 [error] [exception.CHttpException.404] CHttpException: The system is unable to find the requested action "admin". in C:\xampp\htdocs\framework\web\CController.php:483
Stack trace:
#0 C:\xampp\htdocs\framework\web\CController.php(270): CController->missingAction('admin')
#1 C:\xampp\htdocs\framework\web\CWebApplication.php(282): CController->run('admin')
#2 C:\xampp\htdocs\framework\web\CWebApplication.php(141): CWebApplication->runController('site/admin')
#3 C:\xampp\htdocs\framework\base\CApplication.php(180): CWebApplication->processRequest()
#4 C:\xampp\htdocs\elearning\index.php(13): CApplication->run()
#5 {main}
REQUEST_URI=/elearning/index.php/site/admin
HTTP_REFERER=http://localhost/elearning/index.php/site/index
---
2019/10/02 19:40:18 [error] [exception.CHttpException.404] CHttpException: The system is unable to find the requested action "admin". in C:\xampp\htdocs\framework\web\CController.php:483
Stack trace:
#0 C:\xampp\htdocs\framework\web\CController.php(270): CController->missingAction('admin')
#1 C:\xampp\htdocs\framework\web\CWebApplication.php(282): CController->run('admin')
#2 C:\xampp\htdocs\framework\web\CWebApplication.php(141): CWebApplication->runController('site/admin')
#3 C:\xampp\htdocs\framework\base\CApplication.php(180): CWebApplication->processRequest()
#4 C:\xampp\htdocs\elearning\index.php(13): CApplication->run()
#5 {main}
REQUEST_URI=/elearning/index.php/site/admin
HTTP_REFERER=http://localhost/elearning/index.php/site/index
---
2019/10/02 20:37:30 [error] [exception.CHttpException.404] CHttpException: The system is unable to find the requested action "images". in C:\xampp\htdocs\framework\web\CController.php:483
Stack trace:
#0 C:\xampp\htdocs\framework\web\CController.php(270): CController->missingAction('images')
#1 C:\xampp\htdocs\framework\web\CWebApplication.php(282): CController->run('images')
#2 C:\xampp\htdocs\framework\web\CWebApplication.php(141): CWebApplication->runController('site/images/yun...')
#3 C:\xampp\htdocs\framework\base\CApplication.php(180): CWebApplication->processRequest()
#4 C:\xampp\htdocs\elearning\index.php(13): CApplication->run()
#5 {main}
REQUEST_URI=/elearning/index.php/site/images/yuna.jpg
HTTP_REFERER=http://localhost/elearning/index.php/site/estreno
---
2019/10/02 21:37:25 [error] [exception.Error] Error: Function name must be a string in C:\xampp\htdocs\elearning\protected\views\site\pages\agenda.php:19
Stack trace:
#0 C:\xampp\htdocs\framework\web\CBaseController.php(126): require()
#1 C:\xampp\htdocs\framework\web\CBaseController.php(95): CBaseController->renderInternal('C:\\xampp\\htdocs...', NULL, true)
#2 C:\xampp\htdocs\framework\web\CController.php(869): CBaseController->renderFile('C:\\xampp\\htdocs...', NULL, true)
#3 C:\xampp\htdocs\framework\web\CController.php(782): CController->renderPartial('pages/agenda', NULL, true)
#4 C:\xampp\htdocs\framework\web\actions\CViewAction.php(140): CController->render('pages/agenda')
#5 C:\xampp\htdocs\framework\web\actions\CAction.php(76): CViewAction->run()
#6 C:\xampp\htdocs\framework\web\CController.php(308): CAction->runWithParams(Array)
#7 C:\xampp\htdocs\framework\web\CController.php(286): CController->runAction(Object(CViewAction))
#8 C:\xampp\htdocs\framework\web\CController.php(265): CController->runActionWithFilters(Object(CViewAction), Array)
#9 C:\xampp\htdocs\framework\web\CWebApplication.php(282): CController->run('page')
#10 C:\xampp\htdocs\framework\web\CWebApplication.php(141): CWebApplication->runController('site/page')
#11 C:\xampp\htdocs\framework\base\CApplication.php(180): CWebApplication->processRequest()
#12 C:\xampp\htdocs\elearning\index.php(13): CApplication->run()
#13 {main}
REQUEST_URI=/elearning/index.php/site/page?view=agenda
HTTP_REFERER=http://localhost/elearning/index.php/site/estreno
---
2019/10/02 21:37:50 [error] [exception.Error] Error: Function name must be a string in C:\xampp\htdocs\elearning\protected\views\site\pages\agenda.php:19
Stack trace:
#0 C:\xampp\htdocs\framework\web\CBaseController.php(126): require()
#1 C:\xampp\htdocs\framework\web\CBaseController.php(95): CBaseController->renderInternal('C:\\xampp\\htdocs...', NULL, true)
#2 C:\xampp\htdocs\framework\web\CController.php(869): CBaseController->renderFile('C:\\xampp\\htdocs...', NULL, true)
#3 C:\xampp\htdocs\framework\web\CController.php(782): CController->renderPartial('pages/agenda', NULL, true)
#4 C:\xampp\htdocs\framework\web\actions\CViewAction.php(140): CController->render('pages/agenda')
#5 C:\xampp\htdocs\framework\web\actions\CAction.php(76): CViewAction->run()
#6 C:\xampp\htdocs\framework\web\CController.php(308): CAction->runWithParams(Array)
#7 C:\xampp\htdocs\framework\web\CController.php(286): CController->runAction(Object(CViewAction))
#8 C:\xampp\htdocs\framework\web\CController.php(265): CController->runActionWithFilters(Object(CViewAction), Array)
#9 C:\xampp\htdocs\framework\web\CWebApplication.php(282): CController->run('page')
#10 C:\xampp\htdocs\framework\web\CWebApplication.php(141): CWebApplication->runController('site/page')
#11 C:\xampp\htdocs\framework\base\CApplication.php(180): CWebApplication->processRequest()
#12 C:\xampp\htdocs\elearning\index.php(13): CApplication->run()
#13 {main}
REQUEST_URI=/elearning/index.php/site/page?view=agenda
HTTP_REFERER=http://localhost/elearning/index.php/site/estreno
---
2019/10/02 21:37:58 [error] [exception.Error] Error: Function name must be a string in C:\xampp\htdocs\elearning\protected\views\site\pages\agenda.php:19
Stack trace:
#0 C:\xampp\htdocs\framework\web\CBaseController.php(126): require()
#1 C:\xampp\htdocs\framework\web\CBaseController.php(95): CBaseController->renderInternal('C:\\xampp\\htdocs...', NULL, true)
#2 C:\xampp\htdocs\framework\web\CController.php(869): CBaseController->renderFile('C:\\xampp\\htdocs...', NULL, true)
#3 C:\xampp\htdocs\framework\web\CController.php(782): CController->renderPartial('pages/agenda', NULL, true)
#4 C:\xampp\htdocs\framework\web\actions\CViewAction.php(140): CController->render('pages/agenda')
#5 C:\xampp\htdocs\framework\web\actions\CAction.php(76): CViewAction->run()
#6 C:\xampp\htdocs\framework\web\CController.php(308): CAction->runWithParams(Array)
#7 C:\xampp\htdocs\framework\web\CController.php(286): CController->runAction(Object(CViewAction))
#8 C:\xampp\htdocs\framework\web\CController.php(265): CController->runActionWithFilters(Object(CViewAction), Array)
#9 C:\xampp\htdocs\framework\web\CWebApplication.php(282): CController->run('page')
#10 C:\xampp\htdocs\framework\web\CWebApplication.php(141): CWebApplication->runController('site/page')
#11 C:\xampp\htdocs\framework\base\CApplication.php(180): CWebApplication->processRequest()
#12 C:\xampp\htdocs\elearning\index.php(13): CApplication->run()
#13 {main}
REQUEST_URI=/elearning/index.php/site/page?view=agenda
HTTP_REFERER=http://localhost/elearning/index.php/site/estreno
---
2019/10/02 21:41:40 [error] [exception.CHttpException.404] CHttpException: The system is unable to find the requested action "images". in C:\xampp\htdocs\framework\web\CController.php:483
Stack trace:
#0 C:\xampp\htdocs\framework\web\CController.php(270): CController->missingAction('images')
#1 C:\xampp\htdocs\framework\web\CWebApplication.php(282): CController->run('images')
#2 C:\xampp\htdocs\framework\web\CWebApplication.php(141): CWebApplication->runController('site/images/yun...')
#3 C:\xampp\htdocs\framework\base\CApplication.php(180): CWebApplication->processRequest()
#4 C:\xampp\htdocs\elearning\index.php(13): CApplication->run()
#5 {main}
REQUEST_URI=/elearning/index.php/site/images/yuna.jpg
HTTP_REFERER=http://localhost/elearning/index.php/site/page?view=agenda
---
2019/10/02 21:42:01 [error] [exception.CHttpException.404] CHttpException: The system is unable to find the requested action "images". in C:\xampp\htdocs\framework\web\CController.php:483
Stack trace:
#0 C:\xampp\htdocs\framework\web\CController.php(270): CController->missingAction('images')
#1 C:\xampp\htdocs\framework\web\CWebApplication.php(282): CController->run('images')
#2 C:\xampp\htdocs\framework\web\CWebApplication.php(141): CWebApplication->runController('site/images/yun...')
#3 C:\xampp\htdocs\framework\base\CApplication.php(180): CWebApplication->processRequest()
#4 C:\xampp\htdocs\elearning\index.php(13): CApplication->run()
#5 {main}
REQUEST_URI=/elearning/index.php/site/images/yuna.jpg
HTTP_REFERER=http://localhost/elearning/index.php/site/page?view=agenda
---
2019/10/02 21:42:09 [error] [exception.CHttpException.404] CHttpException: The system is unable to find the requested action "images". in C:\xampp\htdocs\framework\web\CController.php:483
Stack trace:
#0 C:\xampp\htdocs\framework\web\CController.php(270): CController->missingAction('images')
#1 C:\xampp\htdocs\framework\web\CWebApplication.php(282): CController->run('images')
#2 C:\xampp\htdocs\framework\web\CWebApplication.php(141): CWebApplication->runController('site/images/yun...')
#3 C:\xampp\htdocs\framework\base\CApplication.php(180): CWebApplication->processRequest()
#4 C:\xampp\htdocs\elearning\index.php(13): CApplication->run()
#5 {main}
REQUEST_URI=/elearning/index.php/site/images/yuna.jpg
HTTP_REFERER=http://localhost/elearning/index.php/site/page?view=agenda
---
2019/10/02 21:42:22 [error] [exception.CHttpException.404] CHttpException: The system is unable to find the requested action "images". in C:\xampp\htdocs\framework\web\CController.php:483
Stack trace:
#0 C:\xampp\htdocs\framework\web\CController.php(270): CController->missingAction('images')
#1 C:\xampp\htdocs\framework\web\CWebApplication.php(282): CController->run('images')
#2 C:\xampp\htdocs\framework\web\CWebApplication.php(141): CWebApplication->runController('site/images/yun...')
#3 C:\xampp\htdocs\framework\base\CApplication.php(180): CWebApplication->processRequest()
#4 C:\xampp\htdocs\elearning\index.php(13): CApplication->run()
#5 {main}
REQUEST_URI=/elearning/index.php/site/images/yuna.jpg
HTTP_REFERER=http://localhost/elearning/index.php/site/page?view=agenda
---
2019/10/02 21:42:36 [error] [exception.CHttpException.404] CHttpException: The system is unable to find the requested action "images". in C:\xampp\htdocs\framework\web\CController.php:483
Stack trace:
#0 C:\xampp\htdocs\framework\web\CController.php(270): CController->missingAction('images')
#1 C:\xampp\htdocs\framework\web\CWebApplication.php(282): CController->run('images')
#2 C:\xampp\htdocs\framework\web\CWebApplication.php(141): CWebApplication->runController('site/images/yun...')
#3 C:\xampp\htdocs\framework\base\CApplication.php(180): CWebApplication->processRequest()
#4 C:\xampp\htdocs\elearning\index.php(13): CApplication->run()
#5 {main}
REQUEST_URI=/elearning/index.php/site/images/yuna.jpg
HTTP_REFERER=http://localhost/elearning/index.php/site/page?view=agenda
---
2019/10/02 21:55:18 [error] [exception.ParseError] ParseError: syntax error, unexpected '=>' (T_DOUBLE_ARROW), expecting ')' in C:\xampp\htdocs\elearning\protected\views\site\pages\about.php:30
Stack trace:
#0 C:\xampp\htdocs\framework\web\CBaseController.php(95): CBaseController->renderInternal('C:\\xampp\\htdocs...', NULL, true)
#1 C:\xampp\htdocs\framework\web\CController.php(869): CBaseController->renderFile('C:\\xampp\\htdocs...', NULL, true)
#2 C:\xampp\htdocs\framework\web\CController.php(782): CController->renderPartial('pages/about', NULL, true)
#3 C:\xampp\htdocs\framework\web\actions\CViewAction.php(140): CController->render('pages/about')
#4 C:\xampp\htdocs\framework\web\actions\CAction.php(76): CViewAction->run()
#5 C:\xampp\htdocs\framework\web\CController.php(308): CAction->runWithParams(Array)
#6 C:\xampp\htdocs\framework\web\CController.php(286): CController->runAction(Object(CViewAction))
#7 C:\xampp\htdocs\framework\web\CController.php(265): CController->runActionWithFilters(Object(CViewAction), Array)
#8 C:\xampp\htdocs\framework\web\CWebApplication.php(282): CController->run('page')
#9 C:\xampp\htdocs\framework\web\CWebApplication.php(141): CWebApplication->runController('site/page')
#10 C:\xampp\htdocs\framework\base\CApplication.php(180): CWebApplication->processRequest()
#11 C:\xampp\htdocs\elearning\index.php(13): CApplication->run()
#12 {main}
REQUEST_URI=/elearning/index.php/site/page?view=about
HTTP_REFERER=http://localhost/elearning/index.php/site/index
---
2019/10/02 22:22:53 [error] [exception.CException] CException: SiteController cannot find the requested view "estreno/curso". in C:\xampp\htdocs\framework\web\CController.php:878
Stack trace:
#0 C:\xampp\htdocs\framework\web\CController.php(782): CController->renderPartial('estreno/curso', NULL, true)
#1 C:\xampp\htdocs\elearning\protected\controllers\SiteController.php(45): CController->render('estreno/curso')
#2 C:\xampp\htdocs\framework\web\actions\CInlineAction.php(49): SiteController->actionCurso()
#3 C:\xampp\htdocs\framework\web\CController.php(308): CInlineAction->runWithParams(Array)
#4 C:\xampp\htdocs\framework\web\CController.php(286): CController->runAction(Object(CInlineAction))
#5 C:\xampp\htdocs\framework\web\CController.php(265): CController->runActionWithFilters(Object(CInlineAction), Array)
#6 C:\xampp\htdocs\framework\web\CWebApplication.php(282): CController->run('curso')
#7 C:\xampp\htdocs\framework\web\CWebApplication.php(141): CWebApplication->runController('site/curso')
#8 C:\xampp\htdocs\framework\base\CApplication.php(180): CWebApplication->processRequest()
#9 C:\xampp\htdocs\elearning\index.php(13): CApplication->run()
#10 {main}
REQUEST_URI=/elearning/index.php/site/curso
---
2019/10/02 22:23:01 [error] [exception.CException] CException: SiteController cannot find the requested view "curso". in C:\xampp\htdocs\framework\web\CController.php:878
Stack trace:
#0 C:\xampp\htdocs\framework\web\CController.php(782): CController->renderPartial('curso', NULL, true)
#1 C:\xampp\htdocs\elearning\protected\controllers\SiteController.php(45): CController->render('curso')
#2 C:\xampp\htdocs\framework\web\actions\CInlineAction.php(49): SiteController->actionCurso()
#3 C:\xampp\htdocs\framework\web\CController.php(308): CInlineAction->runWithParams(Array)
#4 C:\xampp\htdocs\framework\web\CController.php(286): CController->runAction(Object(CInlineAction))
#5 C:\xampp\htdocs\framework\web\CController.php(265): CController->runActionWithFilters(Object(CInlineAction), Array)
#6 C:\xampp\htdocs\framework\web\CWebApplication.php(282): CController->run('curso')
#7 C:\xampp\htdocs\framework\web\CWebApplication.php(141): CWebApplication->runController('site/curso')
#8 C:\xampp\htdocs\framework\base\CApplication.php(180): CWebApplication->processRequest()
#9 C:\xampp\htdocs\elearning\index.php(13): CApplication->run()
#10 {main}
REQUEST_URI=/elearning/index.php/site/curso
---
2019/10/02 22:23:21 [error] [exception.CHttpException.404] CHttpException: The requested view "curso" was not found. in C:\xampp\htdocs\framework\web\actions\CViewAction.php:112
Stack trace:
#0 C:\xampp\htdocs\framework\web\actions\CViewAction.php(123): CViewAction->resolveView('curso')
#1 C:\xampp\htdocs\framework\web\actions\CAction.php(76): CViewAction->run()
#2 C:\xampp\htdocs\framework\web\CController.php(308): CAction->runWithParams(Array)
#3 C:\xampp\htdocs\framework\web\CController.php(286): CController->runAction(Object(CViewAction))
#4 C:\xampp\htdocs\framework\web\CController.php(265): CController->runActionWithFilters(Object(CViewAction), Array)
#5 C:\xampp\htdocs\framework\web\CWebApplication.php(282): CController->run('page')
#6 C:\xampp\htdocs\framework\web\CWebApplication.php(141): CWebApplication->runController('site/page')
#7 C:\xampp\htdocs\framework\base\CApplication.php(180): CWebApplication->processRequest()
#8 C:\xampp\htdocs\elearning\index.php(13): CApplication->run()
#9 {main}
REQUEST_URI=/elearning/index.php/site/page?view=curso
HTTP_REFERER=http://localhost/elearning/index.php/site/page?view=about
---
2019/11/15 16:57:03 [error] [exception.CException] CException: Property "PlanesDeEstudio.contcursos" is not defined. in C:\xampp\htdocs\framework\base\CComponent.php:130
Stack trace:
#0 C:\xampp\htdocs\framework\db\ar\CActiveRecord.php(145): CComponent->__get('contcursos')
#1 C:\xampp\htdocs\elearning\protected\views\site\pages\planes.php(38): CActiveRecord->__get('contcursos')
#2 C:\xampp\htdocs\framework\web\CBaseController.php(126): require('C:\\xampp\\htdocs...')
#3 C:\xampp\htdocs\framework\web\CBaseController.php(95): CBaseController->renderInternal('C:\\xampp\\htdocs...', NULL, true)
#4 C:\xampp\htdocs\framework\web\CController.php(869): CBaseController->renderFile('C:\\xampp\\htdocs...', NULL, true)
#5 C:\xampp\htdocs\framework\web\CController.php(782): CController->renderPartial('pages/planes', NULL, true)
#6 C:\xampp\htdocs\framework\web\actions\CViewAction.php(140): CController->render('pages/planes')
#7 C:\xampp\htdocs\framework\web\actions\CAction.php(76): CViewAction->run()
#8 C:\xampp\htdocs\framework\web\CController.php(308): CAction->runWithParams(Array)
#9 C:\xampp\htdocs\framework\web\CController.php(286): CController->runAction(Object(CViewAction))
#10 C:\xampp\htdocs\framework\web\CController.php(265): CController->runActionWithFilters(Object(CViewAction), Array)
#11 C:\xampp\htdocs\framework\web\CWebApplication.php(282): CController->run('page')
#12 C:\xampp\htdocs\framework\web\CWebApplication.php(141): CWebApplication->runController('site/page')
#13 C:\xampp\htdocs\framework\base\CApplication.php(180): CWebApplication->processRequest()
#14 C:\xampp\htdocs\elearning\index.php(13): CApplication->run()
#15 {main}
REQUEST_URI=/elearning/index.php/site/page?view=planes
HTTP_REFERER=http://localhost/elearning/index.php
---
2019/11/15 17:29:17 [error] [exception.CHttpException.404] CHttpException: The system is unable to find the requested action "site". in C:\xampp\htdocs\framework\web\CController.php:483
Stack trace:
#0 C:\xampp\htdocs\framework\web\CController.php(270): CController->missingAction('site')
#1 C:\xampp\htdocs\framework\web\CWebApplication.php(282): CController->run('site')
#2 C:\xampp\htdocs\framework\web\CWebApplication.php(141): CWebApplication->runController('site/site/page')
#3 C:\xampp\htdocs\framework\base\CApplication.php(180): CWebApplication->processRequest()
#4 C:\xampp\htdocs\elearning\index.php(13): CApplication->run()
#5 {main}
REQUEST_URI=/elearning/index.php/site/site/page?view=planes
---
2019/11/15 17:30:10 [error] [exception.ParseError] ParseError: syntax error, unexpected 'Yii' (T_STRING), expecting ')' in C:\xampp\htdocs\elearning\protected\views\site\planestudio.php:25
Stack trace:
#0 C:\xampp\htdocs\framework\web\CBaseController.php(95): CBaseController->renderInternal('C:\\xampp\\htdocs...', NULL, true)
#1 C:\xampp\htdocs\framework\web\CController.php(869): CBaseController->renderFile('C:\\xampp\\htdocs...', NULL, true)
#2 C:\xampp\htdocs\framework\web\CController.php(782): CController->renderPartial('planestudio', NULL, true)
#3 C:\xampp\htdocs\elearning\protected\controllers\SiteController.php(50): CController->render('planestudio')
#4 C:\xampp\htdocs\framework\web\actions\CInlineAction.php(49): SiteController->actionPlanestudio()
#5 C:\xampp\htdocs\framework\web\CController.php(308): CInlineAction->runWithParams(Array)
#6 C:\xampp\htdocs\framework\web\CController.php(286): CController->runAction(Object(CInlineAction))
#7 C:\xampp\htdocs\framework\web\CController.php(265): CController->runActionWithFilters(Object(CInlineAction), Array)
#8 C:\xampp\htdocs\framework\web\CWebApplication.php(282): CController->run('planestudio')
#9 C:\xampp\htdocs\framework\web\CWebApplication.php(141): CWebApplication->runController('site/planestudi...')
#10 C:\xampp\htdocs\framework\base\CApplication.php(180): CWebApplication->processRequest()
#11 C:\xampp\htdocs\elearning\index.php(13): CApplication->run()
#12 {main}
REQUEST_URI=/elearning/index.php/site/planestudio?plan=1
HTTP_REFERER=http://localhost/elearning/index.php/site/page?view=planes
---
2019/11/15 17:49:51 [error] [exception.CHttpException.404] CHttpException: The system is unable to find the requested action "hola". in C:\xampp\htdocs\framework\web\CController.php:483
Stack trace:
#0 C:\xampp\htdocs\framework\web\CController.php(270): CController->missingAction('hola')
#1 C:\xampp\htdocs\framework\web\CWebApplication.php(282): CController->run('hola')
#2 C:\xampp\htdocs\framework\web\CWebApplication.php(141): CWebApplication->runController('site/hola')
#3 C:\xampp\htdocs\framework\base\CApplication.php(180): CWebApplication->processRequest()
#4 C:\xampp\htdocs\elearning\index.php(13): CApplication->run()
#5 {main}
REQUEST_URI=/elearning/index.php/site/hola
HTTP_REFERER=http://localhost/elearning/index.php/site/page?view=planes&clave=cost
---
2019/11/15 17:49:55 [error] [exception.CHttpException.404] CHttpException: The system is unable to find the requested action "hola". in C:\xampp\htdocs\framework\web\CController.php:483
Stack trace:
#0 C:\xampp\htdocs\framework\web\CController.php(270): CController->missingAction('hola')
#1 C:\xampp\htdocs\framework\web\CWebApplication.php(282): CController->run('hola')
#2 C:\xampp\htdocs\framework\web\CWebApplication.php(141): CWebApplication->runController('site/hola')
#3 C:\xampp\htdocs\framework\base\CApplication.php(180): CWebApplication->processRequest()
#4 C:\xampp\htdocs\elearning\index.php(13): CApplication->run()
#5 {main}
REQUEST_URI=/elearning/index.php/site/hola
HTTP_REFERER=http://localhost/elearning/index.php/site/page?view=planes&clave=cost
---
2019/11/15 18:45:37 [error] [php] Trying to get property 'imagen' of non-object (C:\xampp\htdocs\elearning\protected\views\site\curso.php:8)
Stack trace:
#0 C:\xampp\htdocs\framework\web\CController.php(869): SiteController->renderFile()
#1 C:\xampp\htdocs\framework\web\CController.php(782): SiteController->renderPartial()
#2 C:\xampp\htdocs\elearning\protected\controllers\SiteController.php(45): SiteController->render()
#3 C:\xampp\htdocs\framework\web\actions\CInlineAction.php(49): SiteController->actionCurso()
#4 C:\xampp\htdocs\framework\web\CController.php(308): CInlineAction->runWithParams()
#5 C:\xampp\htdocs\framework\web\CController.php(286): SiteController->runAction()
#6 C:\xampp\htdocs\framework\web\CController.php(265): SiteController->runActionWithFilters()
#7 C:\xampp\htdocs\framework\web\CWebApplication.php(282): SiteController->run()
#8 C:\xampp\htdocs\framework\web\CWebApplication.php(141): CWebApplication->runController()
#9 C:\xampp\htdocs\framework\base\CApplication.php(180): CWebApplication->processRequest()
#10 C:\xampp\htdocs\elearning\index.php(13): CWebApplication->run()
REQUEST_URI=/elearning/index.php/site/curso?curso=1
in C:\xampp\htdocs\elearning\protected\views\site\curso.php (8)
in C:\xampp\htdocs\elearning\protected\controllers\SiteController.php (45)
in C:\xampp\htdocs\elearning\index.php (13)
2020/01/10 22:29:04 [error] [php] Undefined index: 01 (C:\xampp\htdocs\elearning\protected\views\site\pages\agenda.php:19)
Stack trace:
#0 C:\xampp\htdocs\framework\web\CController.php(869): SiteController->renderFile()
#1 C:\xampp\htdocs\framework\web\CController.php(782): SiteController->renderPartial()
#2 C:\xampp\htdocs\framework\web\actions\CViewAction.php(140): SiteController->render()
#3 C:\xampp\htdocs\framework\web\actions\CAction.php(76): CViewAction->run()
#4 C:\xampp\htdocs\framework\web\CController.php(308): CViewAction->runWithParams()
#5 C:\xampp\htdocs\framework\web\CController.php(286): SiteController->runAction()
#6 C:\xampp\htdocs\framework\web\CController.php(265): SiteController->runActionWithFilters()
#7 C:\xampp\htdocs\framework\web\CWebApplication.php(282): SiteController->run()
#8 C:\xampp\htdocs\framework\web\CWebApplication.php(141): CWebApplication->runController()
#9 C:\xampp\htdocs\framework\base\CApplication.php(180): CWebApplication->processRequest()
#10 C:\xampp\htdocs\elearning\index.php(13): CWebApplication->run()
REQUEST_URI=/elearning/index.php/site/page?view=agenda
in C:\xampp\htdocs\elearning\protected\views\site\pages\agenda.php (19)
in C:\xampp\htdocs\elearning\index.php (13)
2020/01/10 22:30:11 [error] [php] Undefined index: 01 (C:\xampp\htdocs\elearning\protected\views\site\pages\agenda.php:19)
Stack trace:
#0 C:\xampp\htdocs\framework\web\CController.php(869): SiteController->renderFile()
#1 C:\xampp\htdocs\framework\web\CController.php(782): SiteController->renderPartial()
#2 C:\xampp\htdocs\framework\web\actions\CViewAction.php(140): SiteController->render()
#3 C:\xampp\htdocs\framework\web\actions\CAction.php(76): CViewAction->run()
#4 C:\xampp\htdocs\framework\web\CController.php(308): CViewAction->runWithParams()
#5 C:\xampp\htdocs\framework\web\CController.php(286): SiteController->runAction()
#6 C:\xampp\htdocs\framework\web\CController.php(265): SiteController->runActionWithFilters()
#7 C:\xampp\htdocs\framework\web\CWebApplication.php(282): SiteController->run()
#8 C:\xampp\htdocs\framework\web\CWebApplication.php(141): CWebApplication->runController()
#9 C:\xampp\htdocs\framework\base\CApplication.php(180): CWebApplication->processRequest()
#10 C:\xampp\htdocs\elearning\index.php(13): CWebApplication->run()
REQUEST_URI=/elearning/index.php/site/page?view=agenda
in C:\xampp\htdocs\elearning\protected\views\site\pages\agenda.php (19)
in C:\xampp\htdocs\elearning\index.php (13)
2020/01/14 20:38:37 [error] [exception.CHttpException.404] CHttpException: The requested view "index" was not found. in C:\xampp\htdocs\framework\web\actions\CViewAction.php:112
Stack trace:
#0 C:\xampp\htdocs\framework\web\actions\CViewAction.php(123): CViewAction->resolveView('index')
#1 C:\xampp\htdocs\framework\web\actions\CAction.php(76): CViewAction->run()
#2 C:\xampp\htdocs\framework\web\CController.php(308): CAction->runWithParams(Array)
#3 C:\xampp\htdocs\framework\web\CController.php(286): CController->runAction(Object(CViewAction))
#4 C:\xampp\htdocs\framework\web\CController.php(265): CController->runActionWithFilters(Object(CViewAction), Array)
#5 C:\xampp\htdocs\framework\web\CWebApplication.php(282): CController->run('page')
#6 C:\xampp\htdocs\framework\web\CWebApplication.php(141): CWebApplication->runController('site/page')
#7 C:\xampp\htdocs\framework\base\CApplication.php(180): CWebApplication->processRequest()
#8 C:\xampp\htdocs\elearning\index.php(13): CApplication->run()
#9 {main}
REQUEST_URI=/elearning/index.php/site/page?
HTTP_REFERER=http://localhost/elearning/index.php/site/page?view=about
---
